<?xml version="1.0" encoding="UTF-8"?>
<!-- Generated by org.testng.reporters.JUnitReportReporter -->
<testsuite skipped="0" hostname="VishalKumar-Ja" name="com.qa.test.GetAPITest" tests="1" failures="0" timestamp="06 May 2020 15:20:36 GMT" time="0.796" errors="0">
  <testcase name="getAPITest" time="0.796" classname="com.qa.test.GetAPITest"/>
</testsuite> <!-- com.qa.test.GetAPITest -->
