<?xml version="1.0" encoding="UTF-8"?>
<!-- Generated by org.testng.reporters.JUnitReportReporter -->
<testsuite skipped="0" hostname="VishalKumar-Ja" name="com.qa.test.GetAPITest" tests="1" failures="0" timestamp="04 May 2020 17:20:28 GMT" time="1.879" errors="0">
  <testcase name="getAPITest" time="1.879" classname="com.qa.test.GetAPITest"/>
</testsuite> <!-- com.qa.test.GetAPITest -->
