<?xml version="1.0" encoding="UTF-8"?>
<!-- Generated by org.testng.reporters.JUnitReportReporter -->
<testsuite skipped="0" hostname="VishalKumar-Ja" name="com.qa.test.GetAPITest" tests="2" failures="0" timestamp="07 May 2020 11:15:26 GMT" time="1.199" errors="0">
  <testcase name="getAPITestWithoutHeaders" time="0.889" classname="com.qa.test.GetAPITest"/>
  <testcase name="getAPITestWithHeaders" time="0.310" classname="com.qa.test.GetAPITest"/>
</testsuite> <!-- com.qa.test.GetAPITest -->
